2020-07-18 16:07:42.122  INFO 1660 --- [main] lavalink.server.Launcher                 : 

[32m       .  [31m _                  _ _       _    [32m__ _ _
[32m      /\\ [31m| | __ ___   ____ _| (_)_ __ | | __[32m\ \ \ \
[32m     ( ( )[31m| |/ _` \ \ / / _` | | | '_ \| |/ /[32m \ \ \ \
[32m      \\/ [31m| | (_| |\ V / (_| | | | | | |   < [32m  ) ) ) )
[32m       '  [31m|_|\__,_| \_/ \__,_|_|_|_| |_|_|\_\[32m / / / /
[0m    =========================================[32m/_/_/_/[0m

	Version:        3.3.1.1
	Build:          1075
	Build time:     13.07.2020 09:09:23 UTC
	Branch          master
	Commit:         f6a1a2a
	Commit time:    13.07.2020 09:04:37 UTC
	JVM:            11
	Lavaplayer      1.3.50

2020-07-18 16:07:42.208  INFO 1660 --- [main] lavalink.server.Launcher                 : Starting Launcher on DESKTOP-5DPD4R0 with PID 1660 (C:\Users\kenra\Desktop\Komorebi\Lavalink.jar started by kenra in C:\Users\kenra\Desktop\Komorebi)
2020-07-18 16:07:42.209  INFO 1660 --- [main] lavalink.server.Launcher                 : No active profile set, falling back to default profiles: default
2020-07-18 16:07:42.249  WARN 1660 --- [background-preinit] o.s.h.c.j.Jackson2ObjectMapperBuilder    : For Jackson Kotlin classes support please add "com.fasterxml.jackson.module:jackson-module-kotlin" to the classpath
2020-07-18 16:07:43.084  WARN 1660 --- [main] io.undertow.websockets.jsr               : UT026010: Buffer pool was not set on WebSocketDeploymentInfo, the default pool will be used
2020-07-18 16:07:43.102  INFO 1660 --- [main] io.undertow.servlet                      : Initializing Spring embedded WebApplicationContext
2020-07-18 16:07:43.103  INFO 1660 --- [main] o.s.web.context.ContextLoader            : Root WebApplicationContext: initialization completed in 864 ms
2020-07-18 16:07:43.344  WARN 1660 --- [main] l.server.config.SentryConfiguration      : Turning off sentry
2020-07-18 16:07:43.352  INFO 1660 --- [main] l.s.c.AudioSendFactoryConfiguration      : OS: Windows 10, Arch: amd64
2020-07-18 16:07:43.354  INFO 1660 --- [main] l.s.c.AudioSendFactoryConfiguration      : JDA-NAS supported system detected. Enabled native audio sending.
2020-07-18 16:07:43.354  INFO 1660 --- [main] l.s.c.AudioSendFactoryConfiguration      : Setting buffer to 400ms
2020-07-18 16:07:43.355  INFO 1660 --- [main] l.s.c.AudioSendFactoryConfiguration      : Setting playlist load limit to 6
2020-07-18 16:07:43.597  INFO 1660 --- [main] c.s.d.l.tools.GarbageCollectionMonitor   : GC monitoring enabled, reporting results every 2 minutes.
2020-07-18 16:07:43.840  INFO 1660 --- [main] o.s.s.concurrent.ThreadPoolTaskExecutor  : Initializing ExecutorService 'applicationTaskExecutor'
2020-07-18 16:07:44.060  INFO 1660 --- [main] org.xnio                                 : XNIO version 3.3.8.Final
2020-07-18 16:07:44.117  INFO 1660 --- [main] org.xnio.nio                             : XNIO NIO Implementation Version 3.3.8.Final
2020-07-18 16:07:44.182  INFO 1660 --- [main] o.s.b.w.e.u.UndertowServletWebServer     : Undertow started on port(s) 2333 (http) with context path ''
2020-07-18 16:07:44.186  INFO 1660 --- [main] lavalink.server.Launcher                 : Started Launcher in 2.433 seconds (JVM running for 2.931)
2020-07-18 16:07:54.759  INFO 1660 --- [XNIO-1 task-1] io.undertow.servlet                      : Initializing Spring DispatcherServlet 'dispatcherServlet'
2020-07-18 16:07:54.760  INFO 1660 --- [XNIO-1 task-1] o.s.web.servlet.DispatcherServlet        : Initializing Servlet 'dispatcherServlet'
2020-07-18 16:07:54.764  INFO 1660 --- [XNIO-1 task-1] o.s.web.servlet.DispatcherServlet        : Completed initialization in 4 ms
2020-07-18 16:07:54.787  INFO 1660 --- [XNIO-1 task-1] l.server.io.HandshakeInterceptorImpl     : Incoming connection from /127.0.0.1:54169
2020-07-18 16:07:54.874  INFO 1660 --- [XNIO-1 task-1] lavalink.server.io.SocketServer          : Connection successfully established from /127.0.0.1:54169
2020-07-18 16:07:54.886  INFO 1660 --- [XNIO-1 I/O-5] lavalink.server.io.SocketServer          : {"op":"configureResuming","key":"0.03mqsdb989o","timeout":60}
2020-07-18 16:14:58.029  INFO 1660 --- [XNIO-1 I/O-5] lavalink.server.io.SocketServer          : Connection closed from /127.0.0.1:54169 with status CloseStatus[code=1006, reason=] -- Session can be resumed within the next 60 seconds with key 0.03mqsdb989o
2020-07-18 16:15:04.246  INFO 1660 --- [XNIO-1 task-2] l.server.io.HandshakeInterceptorImpl     : Incoming connection from /127.0.0.1:54210
2020-07-18 16:15:04.253  INFO 1660 --- [XNIO-1 task-2] lavalink.server.io.SocketServer          : Connection successfully established from /127.0.0.1:54210
2020-07-18 16:15:04.254  INFO 1660 --- [XNIO-1 I/O-6] lavalink.server.io.SocketServer          : {"op":"configureResuming","key":"0.0ms9r20ofd","timeout":60}
2020-07-18 16:15:58.031  INFO 1660 --- [pool-3-thread-1] lavalink.server.io.SocketContext         : Shutting down 0 playing players.
2020-07-18 17:23:31.102  INFO 1660 --- [XNIO-1 I/O-6] lavalink.server.io.SocketServer          : Connection closed from /127.0.0.1:54210 with status CloseStatus[code=1006, reason=] -- Session can be resumed within the next 60 seconds with key 0.0ms9r20ofd
2020-07-18 17:23:31.544  INFO 1660 --- [Thread-1] o.s.s.concurrent.ThreadPoolTaskExecutor  : Shutting down ExecutorService 'applicationTaskExecutor'
2020-07-18 17:23:31.545  INFO 1660 --- [Thread-1] c.s.d.l.tools.GarbageCollectionMonitor   : GC monitoring disabled.
2020-07-18 17:23:31.549  INFO 1660 --- [Thread-1] io.undertow.servlet                      : Destroying Spring FrameworkServlet 'dispatcherServlet'
